<?xml version="1.0" encoding="UTF-8"?>
<!-- Generated by org.testng.reporters.JUnitXMLReporter -->
<testsuite hostname="piotrbogdanski" name="[WIN8/internet explorer/10] - webUI - LibraryTests(nonFunctional)" tests="2" failures="0" timestamp="30 May 2014 11:56:24 GMT" time="149.723" errors="0">
  <testcase name="LibraryPageOpens" time="19.858" classname="tests.webUI.nonFunctional.LibraryTests"/>
  <testcase name="LibraryListViewDisplays" time="16.659" classname="tests.webUI.nonFunctional.LibraryTests"/>
</testsuite> <!-- [WIN8/internet explorer/10] - webUI - LibraryTests(nonFunctional) -->
