<?xml version="1.0" encoding="UTF-8"?>
<!-- Generated by org.testng.reporters.JUnitXMLReporter -->
<testsuite hostname="piotrbogdanski" name="[WIN8/chrome/] - webUI - LibraryTests(nonFunctional)" tests="2" failures="0" timestamp="30 May 2014 11:55:30 GMT" time="96.056" errors="0">
  <testcase name="LibraryPageOpens" time="2.844" classname="tests.webUI.nonFunctional.LibraryTests"/>
  <testcase name="LibraryListViewDisplays" time="11.05" classname="tests.webUI.nonFunctional.LibraryTests"/>
</testsuite> <!-- [WIN8/chrome/] - webUI - LibraryTests(nonFunctional) -->
