<?xml version="1.0" encoding="UTF-8"?>
<!-- Generated by org.testng.reporters.JUnitXMLReporter -->
<testsuite hostname="piotrbogdanski" name="internet explorer10WIN8tests.webUI.nonFunctional.LibraryTests" tests="2" failures="0" timestamp="28 May 2014 12:26:59 GMT" time="152.003" errors="0">
  <testcase name="LibraryPageOpens" time="8.039" classname="tests.webUI.nonFunctional.LibraryTests"/>
  <testcase name="LibraryListViewDisplays" time="17.727" classname="tests.webUI.nonFunctional.LibraryTests"/>
</testsuite> <!-- internet explorer10WIN8tests.webUI.nonFunctional.LibraryTests -->
