<?xml version="1.0" encoding="UTF-8"?>
<!-- Generated by org.testng.reporters.JUnitXMLReporter -->
<testsuite hostname="piotrbogdanski" name="internet explorer9WIN7tests.webUI.nonFunctional.LibraryTests" tests="2" failures="0" timestamp="28 May 2014 12:25:39 GMT" time="71.635" errors="0">
  <testcase name="LibraryPageOpens" time="3.535" classname="tests.webUI.nonFunctional.LibraryTests"/>
  <testcase name="LibraryListViewDisplays" time="14.079" classname="tests.webUI.nonFunctional.LibraryTests"/>
</testsuite> <!-- internet explorer9WIN7tests.webUI.nonFunctional.LibraryTests -->
