<?xml version="1.0" encoding="UTF-8"?>
<!-- Generated by org.testng.reporters.JUnitXMLReporter -->
<testsuite hostname="OWENFLETCHER" name="chrome-GroupsTests" tests="3" failures="0" timestamp="14 Oct 2013 09:21:28 GMT" time="78.902" errors="0">
  <testcase name="GroupsPageOpens" time="2.547" classname="tests.GroupsTests"/>
  <testcase name="JoinGroupsPageOpens" time="4.552" classname="tests.GroupsTests"/>
  <testcase name="MyGroupsPageOpens" time="5.799" classname="tests.GroupsTests"/>
</testsuite> <!-- chrome-GroupsTests -->
