<?xml version="1.0" encoding="UTF-8"?>
<!-- Generated by org.testng.reporters.JUnitXMLReporter -->
<testsuite hostname="OWENFLETCHER" name="chrome-AdminTests" tests="7" failures="0" timestamp="14 Oct 2013 09:22:54 GMT" time="164.728" errors="0">
  <testcase name="myProfilePageLoads" time="9.65" classname="tests.AdminTests"/>
  <testcase name="editBackgroundPopupLoads" time="10.434" classname="tests.AdminTests"/>
  <testcase name="editContactInfoPopupLoads" time="6.202" classname="tests.AdminTests"/>
  <testcase name="editCurrentPositionPopupLoads" time="4.691" classname="tests.AdminTests"/>
  <testcase name="editInterestsPopupLoads" time="4.932" classname="tests.AdminTests"/>
  <testcase name="editNamePopupLoads" time="5.152" classname="tests.AdminTests"/>
  <testcase name="editProfilePhotoPopupLoads" time="3.948" classname="tests.AdminTests"/>
</testsuite> <!-- chrome-AdminTests -->
