<?xml version="1.0" encoding="UTF-8"?>
<!-- Generated by org.testng.reporters.JUnitXMLReporter -->
<testsuite hostname="OWENFLETCHER" name="firefox-AdminTests" tests="7" failures="0" timestamp="15 Oct 2013 09:07:29 GMT" time="223.755" errors="0">
  <testcase name="myProfilePageLoads" time="5.359" classname="tests.AdminTests"/>
  <testcase name="editBackgroundPopupLoads" time="12.85" classname="tests.AdminTests"/>
  <testcase name="editContactInfoPopupLoads" time="9.608" classname="tests.AdminTests"/>
  <testcase name="editCurrentPositionPopupLoads" time="5.34" classname="tests.AdminTests"/>
  <testcase name="editInterestsPopupLoads" time="5.249" classname="tests.AdminTests"/>
  <testcase name="editNamePopupLoads" time="5.595" classname="tests.AdminTests"/>
  <testcase name="editProfilePhotoPopupLoads" time="4.377" classname="tests.AdminTests"/>
</testsuite> <!-- firefox-AdminTests -->
