<?xml version="1.0" encoding="UTF-8"?>
<!-- Generated by org.testng.reporters.JUnitXMLReporter -->
<testsuite hostname="piotrbogdanski" name="firefox" tests="27" failures="2" timestamp="1 Apr 2014 10:43:23 GMT" time="2838.41" errors="0">
  <testcase name="LibraryPageOpens" time="3.564" classname="tests.webUI.nonFunctional.LibraryTests"/>
  <testcase name="TwistieButtonFunctionsInListView" time="9.524" classname="tests.webUI.nonFunctional.LibraryTests"/>
  <testcase name="CalculatorPageLoads" time="9.341" classname="tests.webUI.nonFunctional.LibraryTests"/>
  <testcase name="CategoryListCanBeExpandedCollapsed" time="12.466" classname="tests.webUI.nonFunctional.LibraryTests"/>
  <testcase name="ClearSearchLinkFunctionOnTheLibraryPage" time="7.495" classname="tests.webUI.nonFunctional.LibraryTests"/>
  <testcase name="DefaultSortTileView" time="70.536" classname="tests.webUI.nonFunctional.LibraryTests"/>
  <testcase name="FacetListIsPopulated" time="26.177" classname="tests.webUI.nonFunctional.LibraryTests"/>
  <testcase name="FilterBySubject" time="223.982" classname="tests.webUI.nonFunctional.LibraryTests"/>
  <testcase name="FilterPlusSearchBox" time="23.388" classname="tests.webUI.nonFunctional.LibraryTests"/>
  <testcase name="LibraryListViewDisplays" time="10.269" classname="tests.webUI.nonFunctional.LibraryTests"/>
  <testcase name="MultipleFilter" time="46.014" classname="tests.webUI.nonFunctional.LibraryTests"/>
  <testcase name="ProfilePageLoadsFromTileFrontView" time="7.477" classname="tests.webUI.nonFunctional.LibraryTests"/>
  <testcase name="PushScrollingRowView" time="102.612" classname="tests.webUI.nonFunctional.LibraryTests"/>
  <testcase name="PushScrollingTileView" time="114.374" classname="tests.webUI.nonFunctional.LibraryTests"/>
  <testcase name="ResultsSwitchToBackButtonFunctions" time="15.861" classname="tests.webUI.nonFunctional.LibraryTests"/>
  <testcase name="SearchByType" time="56.216" classname="tests.webUI.nonFunctional.LibraryTests"/>
  <testcase name="SimulatorPageLoads" time="13.441" classname="tests.webUI.nonFunctional.LibraryTests"/>
  <testcase name="SortingRowView" time="734.616" classname="tests.webUI.nonFunctional.LibraryTests"/>
  <testcase name="SortingRowView" time="298.481" classname="tests.webUI.nonFunctional.LibraryTests">
    <failure type="java.lang.AssertionError" message="Rows are not sorted by subject ascending on library page: Lists differ at element [34]: general icu != gvt expected [general icu] but found [gvt]">
      <![CDATA[java.lang.AssertionError: Rows are not sorted by subject ascending on library page: Lists differ at element [34]: general icu != gvt expected [general icu] but found [gvt]
	at tests.webUI.nonFunctional.LibraryTests.SortingRowView(LibraryTests.java:1012)
	at java.util.concurrent.FutureTask$Sync.innerRun(FutureTask.java:314)
	at java.util.concurrent.FutureTask.run(FutureTask.java:149)
	at java.util.concurrent.ThreadPoolExecutor$Worker.runTask(ThreadPoolExecutor.java:906)
	at java.util.concurrent.ThreadPoolExecutor$Worker.run(ThreadPoolExecutor.java:929)
	at java.lang.Thread.run(Thread.java:761)
... Removed 20 stack frames]]>
    </failure>
  </testcase> <!-- SortingRowView -->
  <testcase name="SummaryPageLoads" time="14.772" classname="tests.webUI.nonFunctional.LibraryTests"/>
  <testcase name="VideoPageLoads" time="18.756" classname="tests.webUI.nonFunctional.LibraryTests"/>
  <testcase name="ResultsSwitchToFrontButtonFunctions" time="11.003" classname="tests.webUI.nonFunctional.LibraryTests"/>
  <testcase name="SelectedSubjectsCanBeRemovedUsingFacetList" time="25.638" classname="tests.webUI.nonFunctional.LibraryTests"/>
  <testcase name="SelectedSubjectsCanBeRemovedUsingLeftColumn" time="36.203" classname="tests.webUI.nonFunctional.LibraryTests"/>
  <testcase name="VideoPlays" time="56.864" classname="tests.webUI.nonFunctional.LibraryTests"/>
  <testcase name="ProgressIndicatorFunctions" time="26.666" classname="tests.webUI.nonFunctional.LibraryTests"/>
  <testcase name="VideoPauses" time="25.174" classname="tests.webUI.nonFunctional.LibraryTests"/>
</testsuite> <!-- firefox -->
