<?xml version="1.0" encoding="UTF-8"?>
<!-- Generated by org.testng.reporters.JUnitXMLReporter -->
<testsuite hostname="piotrbogdanski" name="webUI-Bookmarks-MAC-Chrome" tests="7" failures="0" timestamp="10 Apr 2014 10:32:04 GMT" time="366.916" errors="0">
  <testcase name="BookmarksPageOpens" time="58.319" classname="tests.webUI.nonFunctional.BookmarkTests"/>
  <testcase name="NoBookmakrsPage" time="76.162" classname="tests.webUI.nonFunctional.BookmarkTests"/>
  <testcase name="CancelRemoveBookmark" time="41.05" classname="tests.webUI.nonFunctional.BookmarkTests"/>
  <testcase name="AddNoteToBookmark" time="25.727" classname="tests.webUI.nonFunctional.BookmarkTests"/>
  <testcase name="AddNoteToBookmarkCancel" time="24.594" classname="tests.webUI.nonFunctional.BookmarkTests"/>
  <testcase name="AddNotePlaceholder" time="24.264" classname="tests.webUI.nonFunctional.BookmarkTests"/>
  <testcase name="RemoveBookmark" time="81.171" classname="tests.webUI.nonFunctional.BookmarkTests"/>
</testsuite> <!-- webUI-Bookmarks-MAC-Chrome -->
