<?xml version="1.0" encoding="UTF-8"?>
<!-- Generated by org.testng.reporters.JUnitXMLReporter -->
<testsuite hostname="piotrbogdanski" name="webUI-Bookmarks-MAC-Safari" tests="7" failures="0" timestamp="10 Apr 2014 10:31:33 GMT" time="336.566" errors="0">
  <testcase name="BookmarksPageOpens" time="57.411" classname="tests.webUI.nonFunctional.BookmarkTests"/>
  <testcase name="NoBookmakrsPage" time="76.481" classname="tests.webUI.nonFunctional.BookmarkTests"/>
  <testcase name="CancelRemoveBookmark" time="33.427" classname="tests.webUI.nonFunctional.BookmarkTests"/>
  <testcase name="AddNoteToBookmark" time="25.072" classname="tests.webUI.nonFunctional.BookmarkTests"/>
  <testcase name="AddNoteToBookmarkCancel" time="24.375" classname="tests.webUI.nonFunctional.BookmarkTests"/>
  <testcase name="AddNotePlaceholder" time="22.822" classname="tests.webUI.nonFunctional.BookmarkTests"/>
  <testcase name="RemoveBookmark" time="77.903" classname="tests.webUI.nonFunctional.BookmarkTests"/>
</testsuite> <!-- webUI-Bookmarks-MAC-Safari -->
